<?xml version="1.0" encoding="UTF-8"?>
<!-- Generated by org.testng.reporters.JUnitReportReporter -->
<testsuite hostname="DESKTOP-LJG6DCF" failures="0" tests="1" name="gitDemo2.GitTestwithBranch" time="0.015" errors="0" timestamp="2024-06-07T07:09:33 IST" skipped="0">
  <testcase classname="gitDemo2.GitTestwithBranch" name="f" time="0.015"/>
  <system-out/>
</testsuite> <!-- gitDemo2.GitTestwithBranch -->
