<?xml version="1.0" encoding="UTF-8"?>
<!-- Generated by org.testng.reporters.JUnitReportReporter -->
<testsuite hostname="DESKTOP-LJG6DCF" failures="0" tests="1" name="testingGit.TestDemo1" time="0.015" errors="0" timestamp="2024-06-07T13:22:12 IST" skipped="0">
  <testcase classname="testingGit.TestDemo1" name="test1" time="0.015"/>
  <system-out/>
</testsuite> <!-- testingGit.TestDemo1 -->
